#
# A fatal error has been detected by the Java Runtime Environment:
#
# java.lang.OutOfMemoryError: Cannot create GC thread. Out of system resources.
#
#  Internal Error (gcTaskThread.cpp:38), pid=6621, tid=140487154145056
#  Error: Cannot create GC thread. Out of system resources.
#
# JRE version: 6.0_24-b07
# Java VM: Java HotSpot(TM) 64-Bit Server VM (19.1-b02 mixed mode linux-amd64 compressed oops)
# If you would like to submit a bug report, please visit:
#   http://java.sun.com/webapps/bugreport/crash.jsp
#

---------------  T H R E A D  ---------------

Current thread (0x00000000411f3000):  JavaThread "Unknown thread" [_thread_in_vm, id=6621, stack(0x00007fffc14ee000,0x00007fffc15ee000)]

Stack: [0x00007fffc14ee000,0x00007fffc15ee000],  sp=0x00007fffc15ea020,  free space=1008k
Native frames: (J=compiled Java code, j=interpreted, Vv=VM code, C=native code)
V  [libjvm.so+0x790f75]
V  [libjvm.so+0x324fe8]
V  [libjvm.so+0x3a782a]
V  [libjvm.so+0x3a632e]
V  [libjvm.so+0x3a60c3]
V  [libjvm.so+0x65548d]
V  [libjvm.so+0x769389]
V  [libjvm.so+0x768f2a]
V  [libjvm.so+0x3eb77b]
V  [libjvm.so+0x74fbef]
V  [libjvm.so+0x457cb0]


---------------  P R O C E S S  ---------------

Java Threads: ( => current thread )

Other Threads:

=>0x00000000411f3000 (exited) JavaThread "Unknown thread" [_thread_in_vm, id=6621, stack(0x00007fffc14ee000,0x00007fffc15ee000)]

VM state:not at safepoint (not fully initialized)

VM Mutex/Monitor currently owned by a thread: None

Dynamic libraries:
40000000-40009000 r-xp 00000000 fd:02 400903                             /usr/java/jre1.6.0.24_64/bin/java
40108000-4010a000 rwxp 00008000 fd:02 400903                             /usr/java/jre1.6.0.24_64/bin/java
411eb000-4120c000 rwxp 00000000 00:00 0                                  [heap]
73ec00000-7400c0000 rwxp 00000000 00:00 0 
7400c0000-743e00000 rwxp 00000000 00:00 0 
743e00000-74bb60000 rwxp 00000000 00:00 0 
74bb60000-7c14b0000 rwxp 00000000 00:00 0 
7c14b0000-7c5360000 rwxp 00000000 00:00 0 
7c5360000-800000000 rwxp 00000000 00:00 0 
3779a00000-3779a1f000 r-xp 00000000 fd:02 6047                           /lib64/ld-2.13.so
3779c1e000-3779c1f000 r-xp 0001e000 fd:02 6047                           /lib64/ld-2.13.so
3779c1f000-3779c20000 rwxp 0001f000 fd:02 6047                           /lib64/ld-2.13.so
3779c20000-3779c21000 rwxp 00000000 00:00 0 
3779e00000-3779f91000 r-xp 00000000 fd:02 7420                           /lib64/libc-2.13.so
3779f91000-377a191000 ---p 00191000 fd:02 7420                           /lib64/libc-2.13.so
377a191000-377a195000 r-xp 00191000 fd:02 7420                           /lib64/libc-2.13.so
377a195000-377a196000 rwxp 00195000 fd:02 7420                           /lib64/libc-2.13.so
377a196000-377a19c000 rwxp 00000000 00:00 0 
377a200000-377a284000 r-xp 00000000 fd:02 7422                           /lib64/libm-2.13.so
377a284000-377a483000 ---p 00084000 fd:02 7422                           /lib64/libm-2.13.so
377a483000-377a484000 r-xp 00083000 fd:02 7422                           /lib64/libm-2.13.so
377a484000-377a485000 rwxp 00084000 fd:02 7422                           /lib64/libm-2.13.so
377a600000-377a602000 r-xp 00000000 fd:02 10174                          /lib64/libdl-2.13.so
377a602000-377a802000 ---p 00002000 fd:02 10174                          /lib64/libdl-2.13.so
377a802000-377a803000 r-xp 00002000 fd:02 10174                          /lib64/libdl-2.13.so
377a803000-377a804000 rwxp 00003000 fd:02 10174                          /lib64/libdl-2.13.so
377aa00000-377aa17000 r-xp 00000000 fd:02 8377                           /lib64/libpthread-2.13.so
377aa17000-377ac16000 ---p 00017000 fd:02 8377                           /lib64/libpthread-2.13.so
377ac16000-377ac17000 r-xp 00016000 fd:02 8377                           /lib64/libpthread-2.13.so
377ac17000-377ac18000 rwxp 00017000 fd:02 8377                           /lib64/libpthread-2.13.so
377ac18000-377ac1c000 rwxp 00000000 00:00 0 
377b600000-377b607000 r-xp 00000000 fd:02 10088                          /lib64/librt-2.13.so
377b607000-377b806000 ---p 00007000 fd:02 10088                          /lib64/librt-2.13.so
377b806000-377b807000 r-xp 00006000 fd:02 10088                          /lib64/librt-2.13.so
377b807000-377b808000 rwxp 00007000 fd:02 10088                          /lib64/librt-2.13.so
3789c00000-3789c16000 r-xp 00000000 fd:02 13607                          /lib64/libnsl-2.13.so
3789c16000-3789e15000 ---p 00016000 fd:02 13607                          /lib64/libnsl-2.13.so
3789e15000-3789e16000 r-xp 00015000 fd:02 13607                          /lib64/libnsl-2.13.so
3789e16000-3789e17000 rwxp 00016000 fd:02 13607                          /lib64/libnsl-2.13.so
3789e17000-3789e19000 rwxp 00000000 00:00 0 
7fc5b215a000-7fc5b2199000 rwxp 00000000 00:00 0 
7fc5b2199000-7fc5b2546000 rwxp 00000000 00:00 0 
7fc5b2546000-7fc5b2551000 rwxp 00000000 00:00 0 
7fc5b2551000-7fc5b256f000 rwxp 00000000 00:00 0 
7fc5b256f000-7fc5b25ae000 rwxp 00000000 00:00 0 
7fc5b25ae000-7fc5b295a000 rwxp 00000000 00:00 0 
7fc5b295a000-7fc5b297a000 rwxp 00000000 00:00 0 
7fc5b297a000-7fc5b2b50000 rwxp 00000000 00:00 0 
7fc5b2b50000-7fc5b2b5b000 rwxp 00000000 00:00 0 
7fc5b2b5b000-7fc5b2c11000 rwxp 00000000 00:00 0 
7fc5b2c11000-7fc5b2e81000 rwxp 00000000 00:00 0 
7fc5b2e81000-7fc5b5c11000 rwxp 00000000 00:00 0 
7fc5b5c11000-7fc5b5c1f000 r-xp 00000000 fd:02 279173                     /usr/java/jre1.6.0.24_64/lib/amd64/libzip.so
7fc5b5c1f000-7fc5b5d21000 ---p 0000e000 fd:02 279173                     /usr/java/jre1.6.0.24_64/lib/amd64/libzip.so
7fc5b5d21000-7fc5b5d24000 rwxp 00010000 fd:02 279173                     /usr/java/jre1.6.0.24_64/lib/amd64/libzip.so
7fc5b5d24000-7fc5b5d25000 rwxp 00000000 00:00 0 
7fc5b5d25000-7fc5b5d30000 r-xp 00000000 fd:02 15909                      /lib64/libnss_files-2.13.so
7fc5b5d30000-7fc5b5f2f000 ---p 0000b000 fd:02 15909                      /lib64/libnss_files-2.13.so
7fc5b5f2f000-7fc5b5f30000 r-xp 0000a000 fd:02 15909                      /lib64/libnss_files-2.13.so
7fc5b5f30000-7fc5b5f31000 rwxp 0000b000 fd:02 15909                      /lib64/libnss_files-2.13.so
7fc5b5f34000-7fc5b5f3f000 rwxp 00000000 00:00 0 
7fc5b5f3f000-7fc5b5f5d000 rwxp 00000000 00:00 0 
7fc5b5f5d000-7fc5b5f64000 r-xp 00000000 fd:02 279186                     /usr/java/jre1.6.0.24_64/lib/amd64/native_threads/libhpi.so
7fc5b5f64000-7fc5b6065000 ---p 00007000 fd:02 279186                     /usr/java/jre1.6.0.24_64/lib/amd64/native_threads/libhpi.so
7fc5b6065000-7fc5b6067000 rwxp 00008000 fd:02 279186                     /usr/java/jre1.6.0.24_64/lib/amd64/native_threads/libhpi.so
7fc5b6067000-7fc5b6068000 rwxp 00000000 00:00 0 
7fc5b6068000-7fc5b6091000 r-xp 00000000 fd:02 279164                     /usr/java/jre1.6.0.24_64/lib/amd64/libjava.so
7fc5b6091000-7fc5b6190000 ---p 00029000 fd:02 279164                     /usr/java/jre1.6.0.24_64/lib/amd64/libjava.so
7fc5b6190000-7fc5b6197000 rwxp 00028000 fd:02 279164                     /usr/java/jre1.6.0.24_64/lib/amd64/libjava.so
7fc5b6197000-7fc5b61a4000 r-xp 00000000 fd:02 279188                     /usr/java/jre1.6.0.24_64/lib/amd64/libverify.so
7fc5b61a4000-7fc5b62a3000 ---p 0000d000 fd:02 279188                     /usr/java/jre1.6.0.24_64/lib/amd64/libverify.so
7fc5b62a3000-7fc5b62a6000 rwxp 0000c000 fd:02 279188                     /usr/java/jre1.6.0.24_64/lib/amd64/libverify.so
7fc5b62a6000-7fc5b62a7000 ---p 00000000 00:00 0 
7fc5b62a7000-7fc5b63a7000 rwxp 00000000 00:00 0 
7fc5b63a7000-7fc5b6be5000 r-xp 00000000 fd:02 283176                     /usr/java/jre1.6.0.24_64/lib/amd64/server/libjvm.so
7fc5b6be5000-7fc5b6ce4000 ---p 0083e000 fd:02 283176                     /usr/java/jre1.6.0.24_64/lib/amd64/server/libjvm.so
7fc5b6ce4000-7fc5b6e78000 rwxp 0083d000 fd:02 283176                     /usr/java/jre1.6.0.24_64/lib/amd64/server/libjvm.so
7fc5b6e78000-7fc5b6eb4000 rwxp 00000000 00:00 0 
7fc5b6eb4000-7fc5b6ebb000 r-xp 00000000 fd:02 279177                     /usr/java/jre1.6.0.24_64/lib/amd64/jli/libjli.so
7fc5b6ebb000-7fc5b6fbc000 ---p 00007000 fd:02 279177                     /usr/java/jre1.6.0.24_64/lib/amd64/jli/libjli.so
7fc5b6fbc000-7fc5b6fbe000 rwxp 00008000 fd:02 279177                     /usr/java/jre1.6.0.24_64/lib/amd64/jli/libjli.so
7fc5b6fbe000-7fc5b6fbf000 rwxp 00000000 00:00 0 
7fc5b6fe1000-7fc5b6fe9000 rwxs 00000000 fd:02 144165                     /tmp/hsperfdata_dave/6621
7fc5b6fe9000-7fc5b6fea000 rwxp 00000000 00:00 0 
7fc5b6fea000-7fc5b6feb000 r-xp 00000000 00:00 0 
7fc5b6feb000-7fc5b6fec000 rwxp 00000000 00:00 0 
7fffc14ee000-7fffc14f1000 ---p 00000000 00:00 0 
7fffc14f2000-7fffc15ee000 rwxp 00000000 00:00 0                          [stack]
7fffc15ff000-7fffc1600000 r-xp 00000000 00:00 0                          [vdso]
ffffffffff600000-ffffffffff601000 r-xp 00000000 00:00 0                  [vsyscall]

VM Arguments:
jvm_args: -Dfile.encoding=UTF-8 
java_command: Test
Launcher Type: SUN_STANDARD

Environment Variables:
PATH=/usr/lib64/qt-3.3/bin:/usr/lib64/ccache:/usr/local/bin:/bin:/usr/bin:/usr/local/sbin:/usr/sbin:/sbin:/home/dave/AndroidSDK:/home/dave/AndroidSDK/tools:/home/dave/bin
LD_LIBRARY_PATH=/usr/java/jre1.6.0.24_64/lib/amd64/server:/usr/java/jre1.6.0.24_64/lib/amd64:/usr/java/jre1.6.0.24_64/../lib/amd64
SHELL=/bin/bash
DISPLAY=:0.0

Signal Handlers:
SIGSEGV: [libjvm.so+0x791b30], sa_mask[0]=0x7ffbfeff, sa_flags=0x10000004
SIGBUS: [libjvm.so+0x791b30], sa_mask[0]=0x7ffbfeff, sa_flags=0x10000004
SIGFPE: [libjvm.so+0x640ba0], sa_mask[0]=0x7ffbfeff, sa_flags=0x10000004
SIGPIPE: [libjvm.so+0x640ba0], sa_mask[0]=0x7ffbfeff, sa_flags=0x10000004
SIGXFSZ: [libjvm.so+0x640ba0], sa_mask[0]=0x7ffbfeff, sa_flags=0x10000004
SIGILL: [libjvm.so+0x640ba0], sa_mask[0]=0x7ffbfeff, sa_flags=0x10000004
SIGUSR1: SIG_DFL, sa_mask[0]=0x00000000, sa_flags=0x00000000
SIGUSR2: [libjvm.so+0x643780], sa_mask[0]=0x00000004, sa_flags=0x10000004
SIGHUP: SIG_DFL, sa_mask[0]=0x00000000, sa_flags=0x00000000
SIGINT: SIG_DFL, sa_mask[0]=0x00000000, sa_flags=0x00000000
SIGTERM: SIG_DFL, sa_mask[0]=0x00000000, sa_flags=0x00000000
SIGQUIT: SIG_DFL, sa_mask[0]=0x00000000, sa_flags=0x00000000


---------------  S Y S T E M  ---------------

OS:Fedora release 14 (Laughlin)

uname:Linux 2.6.35.11-83.fc14.x86_64 #1 SMP Mon Feb 7 07:06:44 UTC 2011 x86_64
libc:glibc 2.13 NPTL 2.13 
rlimit: STACK 8192k, CORE 0k, NPROC 1024, NOFILE 4096, AS infinity
load average:0.01 0.02 0.05

/proc/meminfo:
MemTotal:       12323076 kB
MemFree:         7681640 kB
Buffers:          366520 kB
Cached:          2089008 kB
SwapCached:            0 kB
Active:          2449284 kB
Inactive:        1524408 kB
Active(anon):    1518588 kB
Inactive(anon):     9628 kB
Active(file):     930696 kB
Inactive(file):  1514780 kB
Unevictable:           0 kB
Mlocked:               0 kB
SwapTotal:       2047996 kB
SwapFree:        2047996 kB
Dirty:               524 kB
Writeback:             0 kB
AnonPages:       1518184 kB
Mapped:           166500 kB
Shmem:             10060 kB
Slab:             235696 kB
SReclaimable:     191768 kB
SUnreclaim:        43928 kB
KernelStack:       10848 kB
PageTables:        69216 kB
NFS_Unstable:          0 kB
Bounce:                0 kB
WritebackTmp:          0 kB
CommitLimit:     8209532 kB
Committed_AS:   11767352 kB
VmallocTotal:   34359738367 kB
VmallocUsed:      345168 kB
VmallocChunk:   34359387740 kB
HardwareCorrupted:     0 kB
HugePages_Total:       0
HugePages_Free:        0
HugePages_Rsvd:        0
HugePages_Surp:        0
Hugepagesize:       2048 kB
DirectMap4k:      105984 kB
DirectMap2M:    12468224 kB


CPU:total 8 (4 cores per cpu, 2 threads per core) family 6 model 26 stepping 5, cmov, cx8, fxsr, mmx, sse, sse2, sse3, ssse3, sse4.1, sse4.2, popcnt, ht

Memory: 4k page, physical 12323076k(7681640k free), swap 2047996k(2047996k free)

vm_info: Java HotSpot(TM) 64-Bit Server VM (19.1-b02) for linux-amd64 JRE (1.6.0_24-b07), built on Feb  2 2011 16:55:54 by "java_re" with gcc 3.2.2 (SuSE Linux)

time: Tue Apr  5 22:23:49 2011
elapsed time: 0 seconds

